==6319== Memcheck, a memory error detector
==6319== Copyright (C) 2002-2012, and GNU GPL'd, by Julian Seward et al.
==6319== Using Valgrind-3.8.1 and LibVEX; rerun with -h for copyright info
==6319== Command: ./run
==6319== Parent PID: 23135
==6319== 
--6319-- 
--6319-- Valgrind options:
--6319--    --tool=memcheck
--6319--    --leak-check=full
--6319--    --verbose
--6319--    --log-file=memcheck.log
--6319-- Contents of /proc/version:
--6319--   Linux version 2.6.32-504.8.1.el6.x86_64 (mockbuild@x86-002.build.bos.redhat.com) (gcc version 4.4.7 20120313 (Red Hat 4.4.7-9) (GCC) ) #1 SMP Fri Dec 19 12:09:25 EST 2014
--6319-- Arch and hwcaps: AMD64, amd64-sse3-cx16
--6319-- Page sizes: currently 4096, max supported 4096
--6319-- Valgrind library directory: /usr/lib64/valgrind
--6319-- Reading syms from /home/shay/a/vmanja/ECE264/solutions/demo/ECE368/run
--6319-- Reading syms from /usr/lib64/valgrind/memcheck-amd64-linux
--6319--    object doesn't have a dynamic symbol table
--6319-- Reading syms from /lib64/ld-2.12.so
--6319--   Considering /usr/lib/debug/.build-id/5b/eb2450b75e84ff317c65f22af8b8112c25df63.debug ..
--6319--   .. build-id is valid
--6319-- Scheduler: using generic scheduler lock implementation.
--6319-- Reading suppressions file: /usr/lib64/valgrind/default.supp
==6319== embedded gdbserver: reading from /tmp/vgdb-pipe-from-vgdb-to-6319-by-vmanja-on-ecegrid-thin1.ecn.purdue.edu
==6319== embedded gdbserver: writing to   /tmp/vgdb-pipe-to-vgdb-from-6319-by-vmanja-on-ecegrid-thin1.ecn.purdue.edu
==6319== embedded gdbserver: shared mem   /tmp/vgdb-pipe-shared-mem-vgdb-6319-by-vmanja-on-ecegrid-thin1.ecn.purdue.edu
==6319== 
==6319== TO CONTROL THIS PROCESS USING vgdb (which you probably
==6319== don't want to do, unless you know exactly what you're doing,
==6319== or are doing some strange experiment):
==6319==   /usr/lib64/valgrind/../../bin/vgdb --pid=6319 ...command...
==6319== 
==6319== TO DEBUG THIS PROCESS USING GDB: start GDB like this
==6319==   /path/to/gdb ./run
==6319== and then give GDB the following command
==6319==   target remote | /usr/lib64/valgrind/../../bin/vgdb --pid=6319
==6319== --pid is optional if only one valgrind process is running
==6319== 
--6319-- REDIR: 0x37676176d0 (strlen) redirected to 0x38049551 (vgPlain_amd64_linux_REDIR_FOR_strlen)
--6319-- Reading syms from /usr/lib64/valgrind/vgpreload_core-amd64-linux.so
--6319-- Reading syms from /usr/lib64/valgrind/vgpreload_memcheck-amd64-linux.so
--6319-- REDIR: 0x37676174e0 (index) redirected to 0x4a07c30 (index)
--6319-- REDIR: 0x3767617560 (strcmp) redirected to 0x4a08570 (strcmp)
--6319-- Reading syms from /lib64/libc-2.12.so
--6319--   Considering /usr/lib/debug/.build-id/22/aa38cca59a5df6cf07b8fc1778e2ee0384508e.debug ..
--6319--   .. build-id is valid
--6319-- REDIR: 0x3767a84cd0 (strcasecmp) redirected to 0x480155c (_vgnU_ifunc_wrapper)
--6319-- REDIR: 0x3767a86f90 (strncasecmp) redirected to 0x480155c (_vgnU_ifunc_wrapper)
--6319-- REDIR: 0x3767a82c40 (__GI_strrchr) redirected to 0x4a07ab0 (__GI_strrchr)
==6319== Warning: client switching stacks?  SP change: 0x7ff0003b0 --> 0x7fec2faa0
==6319==          to suppress, use: --max-stackframe=4000016 or greater
==6319== Warning: client switching stacks?  SP change: 0x7fec2faa0 --> 0x7fe85f190
==6319==          to suppress, use: --max-stackframe=4000016 or greater
==6319== Invalid write of size 8
==6319==    at 0x400B18: main (quicksort.c:193)
==6319==  Address 0x7fe85f188 is on thread 1's stack
==6319== 
==6319== Invalid read of size 8
==6319==    at 0x3767A369DD: rand (rand.c:29)
==6319==    by 0x400B1C: main (quicksort.c:193)
==6319==  Address 0x7fe85f188 is on thread 1's stack
==6319== 
==6319== Invalid write of size 4
==6319==    at 0x400B24: main (quicksort.c:193)
==6319==  Address 0x7fec2faa0 is on thread 1's stack
==6319== 
==6319== Invalid write of size 4
==6319==    at 0x400B31: main (quicksort.c:193)
==6319==  Address 0x7fe85f190 is on thread 1's stack
==6319== 
--6319-- REDIR: 0x3767a8aaf0 (strchrnul) redirected to 0x4a09fb0 (strchrnul)
--6319-- REDIR: 0x3767a7b520 (free) redirected to 0x4a063a9 (free)
==6319== Invalid read of size 4
==6319==    at 0x40068E: sort (quicksort.c:25)
==6319==    by 0x400B5D: main (quicksort.c:200)
==6319==  Address 0x7fe85f190 is on thread 1's stack
==6319== 
==6319== Invalid read of size 4
==6319==    at 0x4006A1: sort (quicksort.c:25)
==6319==    by 0x400B5D: main (quicksort.c:200)
==6319==  Address 0x7fe85f194 is on thread 1's stack
==6319== 
--6319-- REDIR: 0x3767a81160 (__GI_strlen) redirected to 0x4a07fb0 (__GI_strlen)
--6319-- REDIR: 0x3767a84500 (mempcpy) redirected to 0x4a0a020 (mempcpy)
==6319== Invalid read of size 4
==6319==    at 0x4007C6: Insertionsort (quicksort.c:61)
==6319==    by 0x40070A: sort (quicksort.c:40)
==6319==    by 0x400B5D: main (quicksort.c:200)
==6319==  Address 0x7fe85f194 is on thread 1's stack
==6319== 
==6319== Invalid read of size 4
==6319==    at 0x4007D9: Insertionsort (quicksort.c:61)
==6319==    by 0x40070A: sort (quicksort.c:40)
==6319==    by 0x400B5D: main (quicksort.c:200)
==6319==  Address 0x7fe85f190 is on thread 1's stack
==6319== 
==6319== Invalid read of size 4
==6319==    at 0x400BB8: main (quicksort.c:205)
==6319==  Address 0x7fe85f194 is on thread 1's stack
==6319== 
==6319== Invalid read of size 4
==6319==    at 0x400BC8: main (quicksort.c:205)
==6319==  Address 0x7fe85f190 is on thread 1's stack
==6319== 
==6319== Invalid read of size 4
==6319==    at 0x40068E: sort (quicksort.c:25)
==6319==    by 0x400C0D: main (quicksort.c:210)
==6319==  Address 0x7fec2faa0 is on thread 1's stack
==6319== 
==6319== Invalid read of size 4
==6319==    at 0x4006A1: sort (quicksort.c:25)
==6319==    by 0x400C0D: main (quicksort.c:210)
==6319==  Address 0x7fec2faa4 is on thread 1's stack
==6319== 
==6319== Warning: client switching stacks?  SP change: 0x7fe85f110 --> 0x7fe48e800
==6319==          to suppress, use: --max-stackframe=4000016 or greater
==6319==          further instances of this message will not be shown.
==6319== Invalid write of size 4
==6319==    at 0x400870: quickSort (quicksort.c:121)
==6319==    by 0x40072D: sort (quicksort.c:46)
==6319==    by 0x400C0D: main (quicksort.c:210)
==6319==  Address 0x7fe48e800 is on thread 1's stack
==6319== 
==6319== 
==6319== Process terminating with default action of signal 11 (SIGSEGV)
==6319==  Access not within mapped region at address 0x7FE48E800
==6319==    at 0x400870: quickSort (quicksort.c:121)
==6319==  If you believe this happened as a result of a stack
==6319==  overflow in your program's main thread (unlikely but
==6319==  possible), you can try to increase the size of the
==6319==  main thread stack using the --main-stacksize= flag.
==6319==  The main thread stack size used in this run was 10485760.
==6319== 
==6319== Process terminating with default action of signal 11 (SIGSEGV)
==6319==  Access not within mapped region at address 0x7FE48E7F9
==6319==    at 0x4801661: _vgnU_freeres (vg_preloaded.c:58)
==6319==  If you believe this happened as a result of a stack
==6319==  overflow in your program's main thread (unlikely but
==6319==  possible), you can try to increase the size of the
==6319==  main thread stack using the --main-stacksize= flag.
==6319==  The main thread stack size used in this run was 10485760.
==6319== 
==6319== HEAP SUMMARY:
==6319==     in use at exit: 0 bytes in 0 blocks
==6319==   total heap usage: 0 allocs, 0 frees, 0 bytes allocated
==6319== 
==6319== All heap blocks were freed -- no leaks are possible
==6319== 
==6319== ERROR SUMMARY: 6400009 errors from 13 contexts (suppressed: 6 from 6)
==6319== 
==6319== 1 errors in context 1 of 13:
==6319== Invalid write of size 4
==6319==    at 0x400870: quickSort (quicksort.c:121)
==6319==    by 0x40072D: sort (quicksort.c:46)
==6319==    by 0x400C0D: main (quicksort.c:210)
==6319==  Address 0x7fe48e800 is on thread 1's stack
==6319== 
==6319== 
==6319== 1 errors in context 2 of 13:
==6319== Invalid read of size 8
==6319==    at 0x3767A369DD: rand (rand.c:29)
==6319==    by 0x400B1C: main (quicksort.c:193)
==6319==  Address 0x7fe85f188 is on thread 1's stack
==6319== 
==6319== 
==6319== 1 errors in context 3 of 13:
==6319== Invalid write of size 8
==6319==    at 0x400B18: main (quicksort.c:193)
==6319==  Address 0x7fe85f188 is on thread 1's stack
==6319== 
==6319== 
==6319== 11 errors in context 4 of 13:
==6319== Invalid read of size 4
==6319==    at 0x4006A1: sort (quicksort.c:25)
==6319==    by 0x400C0D: main (quicksort.c:210)
==6319==  Address 0x7fec2faa4 is on thread 1's stack
==6319== 
==6319== 
==6319== 11 errors in context 5 of 13:
==6319== Invalid read of size 4
==6319==    at 0x40068E: sort (quicksort.c:25)
==6319==    by 0x400C0D: main (quicksort.c:210)
==6319==  Address 0x7fec2faa0 is on thread 1's stack
==6319== 
==6319== 
==6319== 200008 errors in context 6 of 13:
==6319== Invalid read of size 4
==6319==    at 0x4006A1: sort (quicksort.c:25)
==6319==    by 0x400B5D: main (quicksort.c:200)
==6319==  Address 0x7fe85f194 is on thread 1's stack
==6319== 
==6319== 
==6319== 200008 errors in context 7 of 13:
==6319== Invalid read of size 4
==6319==    at 0x40068E: sort (quicksort.c:25)
==6319==    by 0x400B5D: main (quicksort.c:200)
==6319==  Address 0x7fe85f190 is on thread 1's stack
==6319== 
==6319== 
==6319== 999972 errors in context 8 of 13:
==6319== Invalid write of size 4
==6319==    at 0x400B24: main (quicksort.c:193)
==6319==  Address 0x7fec2faa0 is on thread 1's stack
==6319== 
==6319== 
==6319== 999999 errors in context 9 of 13:
==6319== Invalid read of size 4
==6319==    at 0x400BC8: main (quicksort.c:205)
==6319==  Address 0x7fe85f190 is on thread 1's stack
==6319== 
==6319== 
==6319== 999999 errors in context 10 of 13:
==6319== Invalid read of size 4
==6319==    at 0x400BB8: main (quicksort.c:205)
==6319==  Address 0x7fe85f194 is on thread 1's stack
==6319== 
==6319== 
==6319== 999999 errors in context 11 of 13:
==6319== Invalid read of size 4
==6319==    at 0x4007D9: Insertionsort (quicksort.c:61)
==6319==    by 0x40070A: sort (quicksort.c:40)
==6319==    by 0x400B5D: main (quicksort.c:200)
==6319==  Address 0x7fe85f190 is on thread 1's stack
==6319== 
==6319== 
==6319== 999999 errors in context 12 of 13:
==6319== Invalid read of size 4
==6319==    at 0x4007C6: Insertionsort (quicksort.c:61)
==6319==    by 0x40070A: sort (quicksort.c:40)
==6319==    by 0x400B5D: main (quicksort.c:200)
==6319==  Address 0x7fe85f194 is on thread 1's stack
==6319== 
==6319== 
==6319== 1000000 errors in context 13 of 13:
==6319== Invalid write of size 4
==6319==    at 0x400B31: main (quicksort.c:193)
==6319==  Address 0x7fe85f190 is on thread 1's stack
==6319== 
--6319-- 
--6319-- used_suppression:      4 U1004-ARM-_dl_relocate_object
--6319-- used_suppression:      2 glibc-2.5.x-on-SUSE-10.2-(PPC)-2a
==6319== 
==6319== ERROR SUMMARY: 6400009 errors from 13 contexts (suppressed: 6 from 6)
